# JRE version: Java(TM) SE Runtime Environment (8.0_112-b15) (build 1.8.0_112-b15)
# Java VM: Java HotSpot(TM) 64-Bit Server VM (25.112-b15 mixed mode windows-amd64 compressed oops)
Heap:
 PSYoungGen      total 142336K, used 20665K [0x00000000e0000000, 0x00000000ec080000, 0x0000000100000000)
  eden space 128512K, 5% used [0x00000000e0000000,0x00000000e075ed08,0x00000000e7d80000)
  from space 13824K, 94% used [0x00000000e7d80000,0x00000000e8a4fa30,0x00000000e8b00000)
  to   space 15360K, 0% used [0x00000000eb180000,0x00000000eb180000,0x00000000ec080000)
 ParOldGen       total 97792K, used 19566K [0x00000000a0000000, 0x00000000a5f80000, 0x00000000e0000000)
  object space 97792K, 20% used [0x00000000a0000000,0x00000000a131bac8,0x00000000a5f80000)
 Metaspace       used 42947K, capacity 43644K, committed 43776K, reserved 1087488K
  class space    used 5958K, capacity 6123K, committed 6144K, reserved 1048576K
GC Heap History (10 events):
Event: 6.419 GC heap before
{Heap before GC invocations=6 (full 1):
 PSYoungGen      total 71680K, used 66560K [0x00000000e0000000, 0x00000000e4b00000, 0x0000000100000000)
  eden space 66560K, 100% used [0x00000000e0000000,0x00000000e4100000,0x00000000e4100000)
  from space 5120K, 0% used [0x00000000e4600000,0x00000000e4600000,0x00000000e4b00000)
  to   space 5120K, 0% used [0x00000000e4100000,0x00000000e4100000,0x00000000e4600000)
 ParOldGen       total 64000K, used 8751K [0x00000000a0000000, 0x00000000a3e80000, 0x00000000e0000000)
  object space 64000K, 13% used [0x00000000a0000000,0x00000000a088bd58,0x00000000a3e80000)
 Metaspace       used 25995K, capacity 26418K, committed 26624K, reserved 1073152K
  class space    used 3656K, capacity 3795K, committed 3840K, reserved 1048576K
Event: 6.429 GC heap after
Heap after GC invocations=6 (full 1):
 PSYoungGen      total 71680K, used 5089K [0x00000000e0000000, 0x00000000e7280000, 0x0000000100000000)
  eden space 66560K, 0% used [0x00000000e0000000,0x00000000e0000000,0x00000000e4100000)
  from space 5120K, 99% used [0x00000000e4100000,0x00000000e45f84d8,0x00000000e4600000)
  to   space 10240K, 0% used [0x00000000e6880000,0x00000000e6880000,0x00000000e7280000)
 ParOldGen       total 64000K, used 11127K [0x00000000a0000000, 0x00000000a3e80000, 0x00000000e0000000)
  object space 64000K, 17% used [0x00000000a0000000,0x00000000a0adde88,0x00000000a3e80000)
 Metaspace       used 25995K, capacity 26418K, committed 26624K, reserved 1073152K
  class space    used 3656K, capacity 3795K, committed 3840K, reserved 1048576K
}
Event: 7.735 GC heap before
{Heap before GC invocations=7 (full 1):
 PSYoungGen      total 71680K, used 71649K [0x00000000e0000000, 0x00000000e7280000, 0x0000000100000000)
  eden space 66560K, 100% used [0x00000000e0000000,0x00000000e4100000,0x00000000e4100000)
  from space 5120K, 99% used [0x00000000e4100000,0x00000000e45f84d8,0x00000000e4600000)
  to   space 10240K, 0% used [0x00000000e6880000,0x00000000e6880000,0x00000000e7280000)
 ParOldGen       total 64000K, used 11127K [0x00000000a0000000, 0x00000000a3e80000, 0x00000000e0000000)
  object space 64000K, 17% used [0x00000000a0000000,0x00000000a0adde88,0x00000000a3e80000)
 Metaspace       used 27883K, capacity 28362K, committed 28672K, reserved 1073152K
  class space    used 3872K, capacity 3991K, committed 4096K, reserved 1048576K
Event: 7.742 GC heap after
Heap after GC invocations=7 (full 1):
 PSYoungGen      total 100864K, used 5278K [0x00000000e0000000, 0x00000000e6f80000, 0x0000000100000000)
  eden space 93696K, 0% used [0x00000000e0000000,0x00000000e0000000,0x00000000e5b80000)
  from space 7168K, 73% used [0x00000000e6880000,0x00000000e6da79f8,0x00000000e6f80000)
  to   space 10240K, 0% used [0x00000000e5b80000,0x00000000e5b80000,0x00000000e6580000)
 ParOldGen       total 64000K, used 11207K [0x00000000a0000000, 0x00000000a3e80000, 0x00000000e0000000)
  object space 64000K, 17% used [0x00000000a0000000,0x00000000a0af1eb0,0x00000000a3e80000)
 Metaspace       used 27883K, capacity 28362K, committed 28672K, reserved 1073152K
  class space    used 3872K, capacity 3991K, committed 4096K, reserved 1048576K
}
Event: 9.895 GC heap before
{Heap before GC invocations=8 (full 1):
 PSYoungGen      total 100864K, used 98974K [0x00000000e0000000, 0x00000000e6f80000, 0x0000000100000000)
  eden space 93696K, 100% used [0x00000000e0000000,0x00000000e5b80000,0x00000000e5b80000)
  from space 7168K, 73% used [0x00000000e6880000,0x00000000e6da79f8,0x00000000e6f80000)
  to   space 10240K, 0% used [0x00000000e5b80000,0x00000000e5b80000,0x00000000e6580000)
 ParOldGen       total 64000K, used 11207K [0x00000000a0000000, 0x00000000a3e80000, 0x00000000e0000000)
  object space 64000K, 17% used [0x00000000a0000000,0x00000000a0af1eb0,0x00000000a3e80000)
 Metaspace       used 33486K, capacity 34054K, committed 34304K, reserved 1079296K
  class space    used 4594K, capacity 4756K, committed 4864K, reserved 1048576K
Event: 9.912 GC heap after
Heap after GC invocations=8 (full 1):
 PSYoungGen      total 103936K, used 10221K [0x00000000e0000000, 0x00000000e9700000, 0x0000000100000000)
  eden space 93696K, 0% used [0x00000000e0000000,0x00000000e0000000,0x00000000e5b80000)
  from space 10240K, 99% used [0x00000000e5b80000,0x00000000e657b778,0x00000000e6580000)
  to   space 12288K, 0% used [0x00000000e8b00000,0x00000000e8b00000,0x00000000e9700000)
 ParOldGen       total 64000K, used 12546K [0x00000000a0000000, 0x00000000a3e80000, 0x00000000e0000000)
  object space 64000K, 19% used [0x00000000a0000000,0x00000000a0c409d0,0x00000000a3e80000)
 Metaspace       used 33486K, capacity 34054K, committed 34304K, reserved 1079296K
  class space    used 4594K, capacity 4756K, committed 4864K, reserved 1048576K
}
Event: 10.399 GC heap before
{Heap before GC invocations=9 (full 1):
 PSYoungGen      total 103936K, used 48727K [0x00000000e0000000, 0x00000000e9700000, 0x0000000100000000)
  eden space 93696K, 41% used [0x00000000e0000000,0x00000000e259a488,0x00000000e5b80000)
  from space 10240K, 99% used [0x00000000e5b80000,0x00000000e657b778,0x00000000e6580000)
  to   space 12288K, 0% used [0x00000000e8b00000,0x00000000e8b00000,0x00000000e9700000)
 ParOldGen       total 64000K, used 12546K [0x00000000a0000000, 0x00000000a3e80000, 0x00000000e0000000)
  object space 64000K, 19% used [0x00000000a0000000,0x00000000a0c409d0,0x00000000a3e80000)
 Metaspace       used 34775K, capacity 35326K, committed 35456K, reserved 1079296K
  class space    used 4794K, capacity 4923K, committed 4992K, reserved 1048576K
Event: 10.429 GC heap after
Heap after GC invocations=9 (full 1):
 PSYoungGen      total 140800K, used 12282K [0x00000000e0000000, 0x00000000eab80000, 0x0000000100000000)
  eden space 128512K, 0% used [0x00000000e0000000,0x00000000e0000000,0x00000000e7d80000)
  from space 12288K, 99% used [0x00000000e8b00000,0x00000000e96fe9a0,0x00000000e9700000)
  to   space 13824K, 0% used [0x00000000e7d80000,0x00000000e7d80000,0x00000000e8b00000)
 ParOldGen       total 64000K, used 12586K [0x00000000a0000000, 0x00000000a3e80000, 0x00000000e0000000)
  object space 64000K, 19% used [0x00000000a0000000,0x00000000a0c4a9d0,0x00000000a3e80000)
 Metaspace       used 34775K, capacity 35326K, committed 35456K, reserved 1079296K
  class space    used 4794K, capacity 4923K, committed 4992K, reserved 1048576K
}
Event: 10.429 GC heap before
{Heap before GC invocations=10 (full 2):
 PSYoungGen      total 140800K, used 12282K [0x00000000e0000000, 0x00000000eab80000, 0x0000000100000000)
  eden space 128512K, 0% used [0x00000000e0000000,0x00000000e0000000,0x00000000e7d80000)
  from space 12288K, 99% used [0x00000000e8b00000,0x00000000e96fe9a0,0x00000000e9700000)
  to   space 13824K, 0% used [0x00000000e7d80000,0x00000000e7d80000,0x00000000e8b00000)
 ParOldGen       total 64000K, used 12586K [0x00000000a0000000, 0x00000000a3e80000, 0x00000000e0000000)
  object space 64000K, 19% used [0x00000000a0000000,0x00000000a0c4a9d0,0x00000000a3e80000)
 Metaspace       used 34775K, capacity 35326K, committed 35456K, reserved 1079296K
  class space    used 4794K, capacity 4923K, committed 4992K, reserved 1048576K
Event: 10.562 GC heap after
Heap after GC invocations=10 (full 2):
 PSYoungGen      total 140800K, used 0K [0x00000000e0000000, 0x00000000eab80000, 0x0000000100000000)
  eden space 128512K, 0% used [0x00000000e0000000,0x00000000e0000000,0x00000000e7d80000)
  from space 12288K, 0% used [0x00000000e8b00000,0x00000000e8b00000,0x00000000e9700000)
  to   space 13824K, 0% used [0x00000000e7d80000,0x00000000e7d80000,0x00000000e8b00000)
 ParOldGen       total 97792K, used 19494K [0x00000000a0000000, 0x00000000a5f80000, 0x00000000e0000000)
  object space 97792K, 19% used [0x00000000a0000000,0x00000000a1309ab8,0x00000000a5f80000)
 Metaspace       used 34775K, capacity 35326K, committed 35456K, reserved 1079296K
  class space    used 4794K, capacity 4923K, committed 4992K, reserved 1048576K
}

